Traceback (most recent call last):
  File "/home/afraenkel/.pyenv/versions/anaconda3-2020.07/lib/python3.8/site-packages/jupyter_cache/executors/utils.py", line 51, in single_nb_execution
    executenb(
  File "/home/afraenkel/.pyenv/versions/anaconda3-2020.07/lib/python3.8/site-packages/nbclient/client.py", line 1087, in execute
    return NotebookClient(nb=nb, resources=resources, km=km, **kwargs).execute()
  File "/home/afraenkel/.pyenv/versions/anaconda3-2020.07/lib/python3.8/site-packages/nbclient/util.py", line 74, in wrapped
    return just_run(coro(*args, **kwargs))
  File "/home/afraenkel/.pyenv/versions/anaconda3-2020.07/lib/python3.8/site-packages/nbclient/util.py", line 53, in just_run
    return loop.run_until_complete(coro)
  File "/home/afraenkel/.pyenv/versions/anaconda3-2020.07/lib/python3.8/asyncio/base_events.py", line 616, in run_until_complete
    return future.result()
  File "/home/afraenkel/.pyenv/versions/anaconda3-2020.07/lib/python3.8/site-packages/nbclient/client.py", line 540, in async_execute
    await self.async_execute_cell(
  File "/home/afraenkel/.pyenv/versions/anaconda3-2020.07/lib/python3.8/site-packages/nbclient/client.py", line 832, in async_execute_cell
    self._check_raise_for_error(cell, exec_reply)
  File "/home/afraenkel/.pyenv/versions/anaconda3-2020.07/lib/python3.8/site-packages/nbclient/client.py", line 740, in _check_raise_for_error
    raise CellExecutionError.from_cell_and_msg(cell, exec_reply['content'])
nbclient.exceptions.CellExecutionError: An error occurred while executing the following cell:
------------------
uswnt_by_goals = uswnt.sort_values(by='Gls', ascending=False)
most_goals_per_year = uswnt_by_goals.drop_duplicates(subset=['Year'])
most_goals_per_year_sorted = uswnt_most_goals_per_year.sort_values(by='Year')
------------------

[0;31m---------------------------------------------------------------------------[0m
[0;31mNameError[0m                                 Traceback (most recent call last)
[0;32m<ipython-input-24-a686bef33a60>[0m in [0;36m<module>[0;34m[0m
[0;32m----> 1[0;31m [0muswnt_by_goals[0m [0;34m=[0m [0muswnt[0m[0;34m.[0m[0msort_values[0m[0;34m([0m[0mby[0m[0;34m=[0m[0;34m'Gls'[0m[0;34m,[0m [0mascending[0m[0;34m=[0m[0;32mFalse[0m[0;34m)[0m[0;34m[0m[0;34m[0m[0m
[0m[1;32m      2[0m [0mmost_goals_per_year[0m [0;34m=[0m [0muswnt_by_goals[0m[0;34m.[0m[0mdrop_duplicates[0m[0;34m([0m[0msubset[0m[0;34m=[0m[0;34m[[0m[0;34m'Year'[0m[0;34m][0m[0;34m)[0m[0;34m[0m[0;34m[0m[0m
[1;32m      3[0m [0mmost_goals_per_year_sorted[0m [0;34m=[0m [0muswnt_most_goals_per_year[0m[0;34m.[0m[0msort_values[0m[0;34m([0m[0mby[0m[0;34m=[0m[0;34m'Year'[0m[0;34m)[0m[0;34m[0m[0;34m[0m[0m

[0;31mNameError[0m: name 'uswnt' is not defined
NameError: name 'uswnt' is not defined

