Traceback (most recent call last):
  File "/home/afraenkel/.pyenv/versions/anaconda3-2020.07/lib/python3.8/site-packages/jupyter_cache/executors/utils.py", line 51, in single_nb_execution
    executenb(
  File "/home/afraenkel/.pyenv/versions/anaconda3-2020.07/lib/python3.8/site-packages/nbclient/client.py", line 1087, in execute
    return NotebookClient(nb=nb, resources=resources, km=km, **kwargs).execute()
  File "/home/afraenkel/.pyenv/versions/anaconda3-2020.07/lib/python3.8/site-packages/nbclient/util.py", line 74, in wrapped
    return just_run(coro(*args, **kwargs))
  File "/home/afraenkel/.pyenv/versions/anaconda3-2020.07/lib/python3.8/site-packages/nbclient/util.py", line 53, in just_run
    return loop.run_until_complete(coro)
  File "/home/afraenkel/.pyenv/versions/anaconda3-2020.07/lib/python3.8/asyncio/base_events.py", line 616, in run_until_complete
    return future.result()
  File "/home/afraenkel/.pyenv/versions/anaconda3-2020.07/lib/python3.8/site-packages/nbclient/client.py", line 540, in async_execute
    await self.async_execute_cell(
  File "/home/afraenkel/.pyenv/versions/anaconda3-2020.07/lib/python3.8/site-packages/nbclient/client.py", line 832, in async_execute_cell
    self._check_raise_for_error(cell, exec_reply)
  File "/home/afraenkel/.pyenv/versions/anaconda3-2020.07/lib/python3.8/site-packages/nbclient/client.py", line 740, in _check_raise_for_error
    raise CellExecutionError.from_cell_and_msg(cell, exec_reply['content'])
nbclient.exceptions.CellExecutionError: An error occurred while executing the following cell:
------------------
pd.Series(out).plot(kind='hist', density=True, title='Permutation Test for Missingness of Wind-Speed (on Temp)')
plt.xlabel('KS')
plt.ylabel('Density')
plt.scatter([obs_ks], [0], c='r', s=25);
------------------

[0;31m---------------------------------------------------------------------------[0m
[0;31mNameError[0m                                 Traceback (most recent call last)
[0;32m<ipython-input-13-e24024e2e0fd>[0m in [0;36m<module>[0;34m[0m
[0;32m----> 1[0;31m [0mpd[0m[0;34m.[0m[0mSeries[0m[0;34m([0m[0mout[0m[0;34m)[0m[0;34m.[0m[0mplot[0m[0;34m([0m[0mkind[0m[0;34m=[0m[0;34m'hist'[0m[0;34m,[0m [0mdensity[0m[0;34m=[0m[0;32mTrue[0m[0;34m,[0m [0mtitle[0m[0;34m=[0m[0;34m'Permutation Test for Missingness of Wind-Speed (on Temp)'[0m[0;34m)[0m[0;34m[0m[0;34m[0m[0m
[0m[1;32m      2[0m [0mplt[0m[0;34m.[0m[0mxlabel[0m[0;34m([0m[0;34m'KS'[0m[0;34m)[0m[0;34m[0m[0;34m[0m[0m
[1;32m      3[0m [0mplt[0m[0;34m.[0m[0mylabel[0m[0;34m([0m[0;34m'Density'[0m[0;34m)[0m[0;34m[0m[0;34m[0m[0m
[1;32m      4[0m [0mplt[0m[0;34m.[0m[0mscatter[0m[0;34m([0m[0;34m[[0m[0mobs_ks[0m[0;34m][0m[0;34m,[0m [0;34m[[0m[0;36m0[0m[0;34m][0m[0;34m,[0m [0mc[0m[0;34m=[0m[0;34m'r'[0m[0;34m,[0m [0ms[0m[0;34m=[0m[0;36m25[0m[0;34m)[0m[0;34m;[0m[0;34m[0m[0;34m[0m[0m

[0;31mNameError[0m: name 'out' is not defined
NameError: name 'out' is not defined

